<?xml version="1.0" encoding="UTF-8"?>
<!-- Generated by org.testng.reporters.JUnitXMLReporter -->
<testsuite hostname="alokl-PC" ignored="2" name="Test" tests="11" failures="4" timestamp="13 Mar 2021 17:03:33 GMT" time="195.761" errors="0">
  <testcase name="verifyLoginWithDifferentRecords" time="4.846" classname="com.wordpress.Testcases.TC2VerifyHomePage">
    <failure type="java.lang.AssertionError" message="expected [Howdy, admin] but found [Hi, admin]">
      <![CDATA[java.lang.AssertionError: expected [Howdy, admin] but found [Hi, admin]
	at com.wordpress.Testcases.TC2VerifyHomePage.verifyLoginWithDifferentRecords(TC2VerifyHomePage.java:53)
... Removed 34 stack frames]]>
    </failure>
  </testcase> <!-- verifyLoginWithDifferentRecords -->
  <testcase name="verifyLoginWithDifferentRecords" time="40.057" classname="com.wordpress.Testcases.TC2VerifyHomePage">
    <failure type="org.openqa.selenium.NoSuchElementException" message="Unable to locate element: #user_login
For documentation on this error, please visit: http://seleniumhq.org/exceptions/no_such_element.html
Build info: version: &amp;apos;3.4.0&amp;apos;, revision: &amp;apos;unknown&amp;apos;, time: &amp;apos;unknown&amp;apos;
System info: host: &amp;apos;ALOKL-PC&amp;apos;, ip: &amp;apos;192.168.29.217&amp;apos;, os.name: &amp;apos;Windows 7&amp;apos;, os.arch: &amp;apos;amd64&amp;apos;, os.version: &amp;apos;6.1&amp;apos;, java.version: &amp;apos;1.8.0_91&amp;apos;
Driver info: org.openqa.selenium.firefox.FirefoxDriver
Capabilities [{moz:profile=C:\Users\alokl\AppData\Local\Temp\rust_mozprofileU4L444, rotatable=false, moz:geckodriverVersion=0.29.0, timeouts={implicit=0.0, pageLoad=300000.0, script=30000.0}, pageLoadStrategy=normal, unhandledPromptBehavior=dismiss and notify, strictFileInteractability=false, moz:headless=false, platform=ANY, moz:accessibilityChecks=false, moz:useNonSpecCompliantPointerOrigin=false, acceptInsecureCerts=false, browserVersion=86.0, moz:shutdownTimeout=60000.0, platformVersion=6.1, moz:processID=6020.0, browserName=firefox, moz:buildID=20210222142601, javascriptEnabled=true, platformName=windows, setWindowRect=true, moz:webdriverClick=true}]
Session ID: b24ec20f-b8ce-4af7-89ff-faedaa7492f9
*** Element info: {Using=id, value=user_login}">
      <![CDATA[org.openqa.selenium.NoSuchElementException: Unable to locate element: #user_login
For documentation on this error, please visit: http://seleniumhq.org/exceptions/no_such_element.html
Build info: version: '3.4.0', revision: 'unknown', time: 'unknown'
System info: host: 'ALOKL-PC', ip: '192.168.29.217', os.name: 'Windows 7', os.arch: 'amd64', os.version: '6.1', java.version: '1.8.0_91'
Driver info: org.openqa.selenium.firefox.FirefoxDriver
Capabilities [{moz:profile=C:\Users\alokl\AppData\Local\Temp\rust_mozprofileU4L444, rotatable=false, moz:geckodriverVersion=0.29.0, timeouts={implicit=0.0, pageLoad=300000.0, script=30000.0}, pageLoadStrategy=normal, unhandledPromptBehavior=dismiss and notify, strictFileInteractability=false, moz:headless=false, platform=ANY, moz:accessibilityChecks=false, moz:useNonSpecCompliantPointerOrigin=false, acceptInsecureCerts=false, browserVersion=86.0, moz:shutdownTimeout=60000.0, platformVersion=6.1, moz:processID=6020.0, browserName=firefox, moz:buildID=20210222142601, javascriptEnabled=true, platformName=windows, setWindowRect=true, moz:webdriverClick=true}]
Session ID: b24ec20f-b8ce-4af7-89ff-faedaa7492f9
*** Element info: {Using=id, value=user_login}
	at org.openqa.selenium.remote.http.W3CHttpResponseCodec.createException(W3CHttpResponseCodec.java:150)
	at org.openqa.selenium.remote.http.W3CHttpResponseCodec.decode(W3CHttpResponseCodec.java:115)
	at org.openqa.selenium.remote.http.W3CHttpResponseCodec.decode(W3CHttpResponseCodec.java:45)
	at org.openqa.selenium.remote.HttpCommandExecutor.execute(HttpCommandExecutor.java:164)
	at org.openqa.selenium.remote.service.DriverCommandExecutor.execute(DriverCommandExecutor.java:82)
	at org.openqa.selenium.remote.RemoteWebDriver.execute(RemoteWebDriver.java:637)
	at org.openqa.selenium.remote.RemoteWebDriver.findElement(RemoteWebDriver.java:410)
	at org.openqa.selenium.remote.RemoteWebDriver.findElementById(RemoteWebDriver.java:453)
	at org.openqa.selenium.By$ById.findElement(By.java:218)
	at org.openqa.selenium.remote.RemoteWebDriver.findElement(RemoteWebDriver.java:402)
	at org.openqa.selenium.support.pagefactory.DefaultElementLocator.findElement(DefaultElementLocator.java:69)
	at org.openqa.selenium.support.pagefactory.internal.LocatingElementHandler.invoke(LocatingElementHandler.java:38)
	at com.sun.proxy.$Proxy8.sendKeys(Unknown Source)
	at com.wordpress.Pages.LoginPageNew.setUserID(LoginPageNew.java:38)
	at com.wordpress.Testcases.TC2VerifyHomePage.verifyLoginWithDifferentRecords(TC2VerifyHomePage.java:49)
... Removed 32 stack frames]]>
    </failure>
  </testcase> <!-- verifyLoginWithDifferentRecords -->
  <testcase name="verifyLoginWithDifferentRecords" time="0.0" classname="com.wordpress.Testcases.TC2VerifyHomePage"/>
  <testcase name="verifyLoginWithDifferentRecords" time="0.0" classname="com.wordpress.Testcases.TC2VerifyHomePage"/>
  <testcase name="verifyLoginWithDifferentRecords" time="0.0" classname="com.wordpress.Testcases.TC2VerifyHomePage"/>
  <testcase name="verifyLoginWithDifferentRecords" time="0.001" classname="com.wordpress.Testcases.TC2VerifyHomePage"/>
  <testcase name="verifyLoginWithDifferentRecords" time="0.0" classname="com.wordpress.Testcases.TC2VerifyHomePage"/>
  <testcase name="checkValidUser" time="40.028" classname="com.wordpress.Testcases.TC1VerifyValidLogin">
    <failure type="org.openqa.selenium.NoSuchElementException" message="Unable to locate element: #user_login
For documentation on this error, please visit: http://seleniumhq.org/exceptions/no_such_element.html
Build info: version: &amp;apos;3.4.0&amp;apos;, revision: &amp;apos;unknown&amp;apos;, time: &amp;apos;unknown&amp;apos;
System info: host: &amp;apos;ALOKL-PC&amp;apos;, ip: &amp;apos;192.168.29.217&amp;apos;, os.name: &amp;apos;Windows 7&amp;apos;, os.arch: &amp;apos;amd64&amp;apos;, os.version: &amp;apos;6.1&amp;apos;, java.version: &amp;apos;1.8.0_91&amp;apos;
Driver info: org.openqa.selenium.firefox.FirefoxDriver
Capabilities [{moz:profile=C:\Users\alokl\AppData\Local\Temp\rust_mozprofileU4L444, rotatable=false, moz:geckodriverVersion=0.29.0, timeouts={implicit=0.0, pageLoad=300000.0, script=30000.0}, pageLoadStrategy=normal, unhandledPromptBehavior=dismiss and notify, strictFileInteractability=false, moz:headless=false, platform=ANY, moz:accessibilityChecks=false, moz:useNonSpecCompliantPointerOrigin=false, acceptInsecureCerts=false, browserVersion=86.0, moz:shutdownTimeout=60000.0, platformVersion=6.1, moz:processID=6020.0, browserName=firefox, moz:buildID=20210222142601, javascriptEnabled=true, platformName=windows, setWindowRect=true, moz:webdriverClick=true}]
Session ID: b24ec20f-b8ce-4af7-89ff-faedaa7492f9
*** Element info: {Using=id, value=user_login}">
      <![CDATA[org.openqa.selenium.NoSuchElementException: Unable to locate element: #user_login
For documentation on this error, please visit: http://seleniumhq.org/exceptions/no_such_element.html
Build info: version: '3.4.0', revision: 'unknown', time: 'unknown'
System info: host: 'ALOKL-PC', ip: '192.168.29.217', os.name: 'Windows 7', os.arch: 'amd64', os.version: '6.1', java.version: '1.8.0_91'
Driver info: org.openqa.selenium.firefox.FirefoxDriver
Capabilities [{moz:profile=C:\Users\alokl\AppData\Local\Temp\rust_mozprofileU4L444, rotatable=false, moz:geckodriverVersion=0.29.0, timeouts={implicit=0.0, pageLoad=300000.0, script=30000.0}, pageLoadStrategy=normal, unhandledPromptBehavior=dismiss and notify, strictFileInteractability=false, moz:headless=false, platform=ANY, moz:accessibilityChecks=false, moz:useNonSpecCompliantPointerOrigin=false, acceptInsecureCerts=false, browserVersion=86.0, moz:shutdownTimeout=60000.0, platformVersion=6.1, moz:processID=6020.0, browserName=firefox, moz:buildID=20210222142601, javascriptEnabled=true, platformName=windows, setWindowRect=true, moz:webdriverClick=true}]
Session ID: b24ec20f-b8ce-4af7-89ff-faedaa7492f9
*** Element info: {Using=id, value=user_login}
	at org.openqa.selenium.remote.http.W3CHttpResponseCodec.createException(W3CHttpResponseCodec.java:150)
	at org.openqa.selenium.remote.http.W3CHttpResponseCodec.decode(W3CHttpResponseCodec.java:115)
	at org.openqa.selenium.remote.http.W3CHttpResponseCodec.decode(W3CHttpResponseCodec.java:45)
	at org.openqa.selenium.remote.HttpCommandExecutor.execute(HttpCommandExecutor.java:164)
	at org.openqa.selenium.remote.service.DriverCommandExecutor.execute(DriverCommandExecutor.java:82)
	at org.openqa.selenium.remote.RemoteWebDriver.execute(RemoteWebDriver.java:637)
	at org.openqa.selenium.remote.RemoteWebDriver.findElement(RemoteWebDriver.java:410)
	at org.openqa.selenium.remote.RemoteWebDriver.findElementById(RemoteWebDriver.java:453)
	at org.openqa.selenium.By$ById.findElement(By.java:218)
	at org.openqa.selenium.remote.RemoteWebDriver.findElement(RemoteWebDriver.java:402)
	at org.openqa.selenium.support.pagefactory.DefaultElementLocator.findElement(DefaultElementLocator.java:69)
	at org.openqa.selenium.support.pagefactory.internal.LocatingElementHandler.invoke(LocatingElementHandler.java:38)
	at com.sun.proxy.$Proxy8.sendKeys(Unknown Source)
	at com.wordpress.Pages.LoginPageNew.setUserID(LoginPageNew.java:38)
	at com.wordpress.Testcases.TC1VerifyValidLogin.checkValidUser(TC1VerifyValidLogin.java:24)
... Removed 32 stack frames]]>
    </failure>
  </testcase> <!-- checkValidUser -->
  <testcase name="executSessionOne" time="15.66" classname="Selenium3.com.POM.TestGuru99MultipleSession"/>
  <testcase name="executSessionTHREE" time="17.599" classname="Selenium3.com.POM.TestGuru99MultipleSession"/>
  <testcase name="executSessionTWO" time="61.212" classname="Selenium3.com.POM.TestGuru99MultipleSession">
    <failure type="org.openqa.selenium.TimeoutException" message="No connection could be made because the target machine actively refused it. (os error 10061)
Build info: version: &amp;apos;3.4.0&amp;apos;, revision: &amp;apos;unknown&amp;apos;, time: &amp;apos;unknown&amp;apos;
System info: host: &amp;apos;ALOKL-PC&amp;apos;, ip: &amp;apos;192.168.29.217&amp;apos;, os.name: &amp;apos;Windows 7&amp;apos;, os.arch: &amp;apos;amd64&amp;apos;, os.version: &amp;apos;6.1&amp;apos;, java.version: &amp;apos;1.8.0_91&amp;apos;
Driver info: driver.version: FirefoxDriver
remote stacktrace: ">
      <![CDATA[org.openqa.selenium.TimeoutException: No connection could be made because the target machine actively refused it. (os error 10061)
Build info: version: '3.4.0', revision: 'unknown', time: 'unknown'
System info: host: 'ALOKL-PC', ip: '192.168.29.217', os.name: 'Windows 7', os.arch: 'amd64', os.version: '6.1', java.version: '1.8.0_91'
Driver info: driver.version: FirefoxDriver
remote stacktrace: 
	at org.openqa.selenium.remote.W3CHandshakeResponse.lambda$new$0(W3CHandshakeResponse.java:57)
	at org.openqa.selenium.remote.W3CHandshakeResponse.lambda$getResponseFunction$2(W3CHandshakeResponse.java:104)
	at org.openqa.selenium.remote.ProtocolHandshake.lambda$createSession$22(ProtocolHandshake.java:365)
	at java.util.stream.ReferencePipeline$3$1.accept(ReferencePipeline.java:193)
	at java.util.Spliterators$ArraySpliterator.tryAdvance(Spliterators.java:958)
	at java.util.stream.ReferencePipeline.forEachWithCancel(ReferencePipeline.java:126)
	at java.util.stream.AbstractPipeline.copyIntoWithCancel(AbstractPipeline.java:498)
	at java.util.stream.AbstractPipeline.copyInto(AbstractPipeline.java:485)
	at java.util.stream.AbstractPipeline.wrapAndCopyInto(AbstractPipeline.java:471)
	at java.util.stream.FindOps$FindOp.evaluateSequential(FindOps.java:152)
	at java.util.stream.AbstractPipeline.evaluate(AbstractPipeline.java:234)
	at java.util.stream.ReferencePipeline.findFirst(ReferencePipeline.java:464)
	at org.openqa.selenium.remote.ProtocolHandshake.createSession(ProtocolHandshake.java:368)
	at org.openqa.selenium.remote.ProtocolHandshake.createSession(ProtocolHandshake.java:159)
	at org.openqa.selenium.remote.HttpCommandExecutor.execute(HttpCommandExecutor.java:142)
	at org.openqa.selenium.remote.service.DriverCommandExecutor.execute(DriverCommandExecutor.java:82)
	at org.openqa.selenium.remote.RemoteWebDriver.execute(RemoteWebDriver.java:637)
	at org.openqa.selenium.remote.RemoteWebDriver.startSession(RemoteWebDriver.java:250)
	at org.openqa.selenium.remote.RemoteWebDriver.startSession(RemoteWebDriver.java:236)
	at org.openqa.selenium.remote.RemoteWebDriver.<init>(RemoteWebDriver.java:137)
	at org.openqa.selenium.firefox.FirefoxDriver.<init>(FirefoxDriver.java:191)
	at org.openqa.selenium.firefox.FirefoxDriver.<init>(FirefoxDriver.java:108)
	at org.openqa.selenium.firefox.FirefoxDriver.<init>(FirefoxDriver.java:104)
	at Selenium3.com.POM.TestGuru99MultipleSession.executSessionTWO(TestGuru99MultipleSession.java:27)
... Removed 32 stack frames]]>
    </failure>
  </testcase> <!-- executSessionTWO -->
  <testcase name="@BeforeSuite initialize" time="0.0" classname="com.test.automation.uiAutomation.testBase.TestBase.TestBase">
    <ignored/>
  </testcase> <!-- @BeforeSuite initialize -->
  <testcase name="@AfterSuite TeardownTest" time="0.0" classname="com.test.automation.uiAutomation.testBase.TestBase.TestBase">
    <ignored/>
  </testcase> <!-- @AfterSuite TeardownTest -->
</testsuite> <!-- Test -->
